make: Entering directory '/home/chunsong/dolfa/hct6753-65t-m0-mp1-v2.39.1'
Initialize build system extension success for hct.
============================================
PLATFORM_VERSION_CODENAME=REL
PLATFORM_VERSION=6.0
TARGET_PRODUCT=full_hct6753_65u_m0
TARGET_BUILD_VARIANT=eng
TARGET_BUILD_TYPE=release
TARGET_BUILD_APPS=
TARGET_ARCH=arm64
TARGET_ARCH_VARIANT=armv8-a
TARGET_CPU_VARIANT=cortex-a53
TARGET_2ND_ARCH=arm
TARGET_2ND_ARCH_VARIANT=armv7-a-neon
TARGET_2ND_CPU_VARIANT=cortex-a53
HOST_ARCH=x86_64
HOST_OS=linux
HOST_OS_EXTRA=Linux-4.4.0-21-generic-x86_64-with-Ubuntu-16.04-xenial
HOST_BUILD_TYPE=release
BUILD_ID=MRA58K
OUT_DIR=out
============================================
PRODUCT_COPY_FILES frameworks/base/data/sounds/effects/ogg/camera_click.ogg:system/media/audio/ui/camera_click.ogg ignored.
PRODUCT_COPY_FILES device/mediatek/mt6735/thermal.conf:system/etc/.tp/thermal.conf ignored.
PRODUCT_COPY_FILES device/mediatek/mt6735/media_codecs_performance.xml:system/etc/media_codecs_performance.xml ignored.
No private recovery resources for TARGET_DEVICE hct6753_65u_m0
target Prebuilt: libfingerprint_core_32 (out/target/product/hct6753_65u_m0/obj_arm/SHARED_LIBRARIES/libfingerprint_core_intermediates/LINKED/libfingerprint_core.so)
target Unpacked: libfingerprint_core_32 (out/target/product/hct6753_65u_m0/obj_arm/SHARED_LIBRARIES/libfingerprint_core_intermediates/PACKED/libfingerprint_core.so)
target Symbolic: libfingerprint_core_32 (out/target/product/hct6753_65u_m0/symbols/system/lib/libfingerprint_core.so)
Export includes file: hardware/libhardware/modules/fingerprint/Android.mk -- out/target/product/hct6753_65u_m0/obj_arm/SHARED_LIBRARIES/libfingerprint_core_intermediates/export_includes
target Strip: libfingerprint_core_32 (out/target/product/hct6753_65u_m0/obj_arm/lib/libfingerprint_core.so)
Install: out/target/product/hct6753_65u_m0/system/lib/libfingerprint_core.so
target Prebuilt: libfingerprint_core (out/target/product/hct6753_65u_m0/obj/SHARED_LIBRARIES/libfingerprint_core_intermediates/LINKED/libfingerprint_core.so)
target Unpacked: libfingerprint_core (out/target/product/hct6753_65u_m0/obj/SHARED_LIBRARIES/libfingerprint_core_intermediates/PACKED/libfingerprint_core.so)
target Symbolic: libfingerprint_core (out/target/product/hct6753_65u_m0/symbols/system/lib64/libfingerprint_core.so)
Export includes file: hardware/libhardware/modules/fingerprint/Android.mk -- out/target/product/hct6753_65u_m0/obj/SHARED_LIBRARIES/libfingerprint_core_intermediates/export_includes
target Strip: libfingerprint_core (out/target/product/hct6753_65u_m0/obj/lib/libfingerprint_core.so)
Install: out/target/product/hct6753_65u_m0/system/lib64/libfingerprint_core.so
Import includes file: out/target/product/hct6753_65u_m0/obj/SHARED_LIBRARIES/fingerprint.default_intermediates/import_includes
target  C++: fingerprint.default <= hardware/libhardware/modules/fingerprint/fingerprint_queue.cpp
target  C++: fingerprint.default <= hardware/libhardware/modules/fingerprint/fingerprint.cpp
target  C++: fingerprint.default <= hardware/libhardware/modules/fingerprint/dfs747_fpsensor.cpp
target  C++: fingerprint.default <= hardware/libhardware/modules/fingerprint/fps_analyzer.cpp
target SharedLib: fingerprint.default (out/target/product/hct6753_65u_m0/obj/SHARED_LIBRARIES/fingerprint.default_intermediates/LINKED/fingerprint.default.so)
target Pack Relocations: fingerprint.default (out/target/product/hct6753_65u_m0/obj/SHARED_LIBRARIES/fingerprint.default_intermediates/PACKED/fingerprint.default.so)
INFO: Compaction                 : 0 bytes
INFO: Too few relocations to pack after alignment
target Symbolic: fingerprint.default (out/target/product/hct6753_65u_m0/symbols/system/lib64/hw/fingerprint.default.so)
Export includes file: hardware/libhardware/modules/fingerprint/Android.mk -- out/target/product/hct6753_65u_m0/obj/SHARED_LIBRARIES/fingerprint.default_intermediates/export_includes
target Strip: fingerprint.default (out/target/product/hct6753_65u_m0/obj/lib/fingerprint.default.so)
Install: out/target/product/hct6753_65u_m0/system/lib64/hw/fingerprint.default.so
Import includes file: out/target/product/hct6753_65u_m0/obj_arm/SHARED_LIBRARIES/fingerprint.default_intermediates/import_includes
target thumb C++: fingerprint.default_32 <= hardware/libhardware/modules/fingerprint/fingerprint_queue.cpp
target thumb C++: fingerprint.default_32 <= hardware/libhardware/modules/fingerprint/fingerprint.cpp
target thumb C++: fingerprint.default_32 <= hardware/libhardware/modules/fingerprint/dfs747_fpsensor.cpp
target thumb C++: fingerprint.default_32 <= hardware/libhardware/modules/fingerprint/fps_analyzer.cpp
target SharedLib: fingerprint.default_32 (out/target/product/hct6753_65u_m0/obj_arm/SHARED_LIBRARIES/fingerprint.default_intermediates/LINKED/fingerprint.default.so)
target Pack Relocations: fingerprint.default_32 (out/target/product/hct6753_65u_m0/obj_arm/SHARED_LIBRARIES/fingerprint.default_intermediates/PACKED/fingerprint.default.so)
INFO: Compaction                 : 0 bytes
INFO: Too few relocations to pack after alignment
target Symbolic: fingerprint.default_32 (out/target/product/hct6753_65u_m0/symbols/system/lib/hw/fingerprint.default.so)
Export includes file: hardware/libhardware/modules/fingerprint/Android.mk -- out/target/product/hct6753_65u_m0/obj_arm/SHARED_LIBRARIES/fingerprint.default_intermediates/export_includes
target Strip: fingerprint.default_32 (out/target/product/hct6753_65u_m0/obj_arm/lib/fingerprint.default.so)
Install: out/target/product/hct6753_65u_m0/system/lib/hw/fingerprint.default.so
Import includes file: out/target/product/hct6753_65u_m0/obj/EXECUTABLES/fpsensor_dbg_intermediates/import_includes
target  C++: fpsensor_dbg <= hardware/libhardware/modules/fingerprint/fpsensor_dbg.cpp
target Executable: fpsensor_dbg (out/target/product/hct6753_65u_m0/obj/EXECUTABLES/fpsensor_dbg_intermediates/LINKED/fpsensor_dbg)
target Unpacked: fpsensor_dbg (out/target/product/hct6753_65u_m0/obj/EXECUTABLES/fpsensor_dbg_intermediates/PACKED/fpsensor_dbg)
target Symbolic: fpsensor_dbg (out/target/product/hct6753_65u_m0/symbols/system/bin/fpsensor_dbg)
Export includes file: hardware/libhardware/modules/fingerprint/Android.mk -- out/target/product/hct6753_65u_m0/obj/EXECUTABLES/fpsensor_dbg_intermediates/export_includes
target Strip: fpsensor_dbg (out/target/product/hct6753_65u_m0/obj/EXECUTABLES/fpsensor_dbg_intermediates/fpsensor_dbg)
Install: out/target/product/hct6753_65u_m0/system/bin/fpsensor_dbg
make: Leaving directory '/home/chunsong/dolfa/hct6753-65t-m0-mp1-v2.39.1'

[0;32m#### make completed successfully (10 seconds) ####[00m

